# JRE version: Java(TM) SE Runtime Environment (21.0.7+8) (build 21.0.7+8-LTS-245)
# Java VM: Java HotSpot(TM) 64-Bit Server VM (21.0.7+8-LTS-245, mixed mode, sharing, tiered, compressed oops, compressed class ptrs, g1 gc, windows-amd64)
GC Precious Log:
 CardTable entry size: 512
 Card Set container configuration: InlinePtr #cards 4 size 8 Array Of Cards #cards 32 size 80 Howl #buckets 8 coarsen threshold 7372 Howl Bitmap #cards 1024 size 144 coarsen threshold 921 Card regions per heap region 1 cards per card region 8192
 CPUs: 4 total, 4 available
 Memory: 7914M
 Large Page Support: Disabled
 NUMA Support: Disabled
 Compressed Oops: Enabled (Zero based)
 Heap Region Size: 4M
 Heap Min Capacity: 8M
 Heap Initial Capacity: 124M
 Heap Max Capacity: 8G
 Pre-touch: Disabled
 Parallel Workers: 4
 Concurrent Workers: 1
 Concurrent Refinement Workers: 4
 Periodic GC: Disabled
Heap:
 garbage-first heap   total 159744K, used 99466K [0x0000000600000000, 0x0000000800000000)
  region size 4096K, 2 young (8192K), 1 survivors (4096K)
 Metaspace       used 77341K, committed 79488K, reserved 1179648K
  class space    used 10820K, committed 11904K, reserved 1048576K
GC Heap History (20 events):
Event: 18.056 GC heap before
{Heap before GC invocations=19 (full 0):
 garbage-first heap   total 110592K, used 96004K [0x0000000600000000, 0x0000000800000000)
  region size 4096K, 10 young (40960K), 1 survivors (4096K)
 Metaspace       used 61484K, committed 63424K, reserved 1114112K
  class space    used 8773K, committed 9728K, reserved 1048576K
}
Event: 18.066 GC heap after
{Heap after GC invocations=20 (full 0):
 garbage-first heap   total 110592K, used 60236K [0x0000000600000000, 0x0000000800000000)
  region size 4096K, 2 young (8192K), 2 survivors (8192K)
 Metaspace       used 61484K, committed 63424K, reserved 1114112K
  class space    used 8773K, committed 9728K, reserved 1048576K
}
Event: 18.639 GC heap before
{Heap before GC invocations=20 (full 0):
 garbage-first heap   total 110592K, used 88908K [0x0000000600000000, 0x0000000800000000)
  region size 4096K, 9 young (36864K), 2 survivors (8192K)
 Metaspace       used 63276K, committed 65280K, reserved 1114112K
  class space    used 9006K, committed 9984K, reserved 1048576K
}
Event: 18.646 GC heap after
{Heap after GC invocations=21 (full 0):
 garbage-first heap   total 110592K, used 61673K [0x0000000600000000, 0x0000000800000000)
  region size 4096K, 2 young (8192K), 2 survivors (8192K)
 Metaspace       used 63276K, committed 65280K, reserved 1114112K
  class space    used 9006K, committed 9984K, reserved 1048576K
}
Event: 19.309 GC heap before
{Heap before GC invocations=22 (full 0):
 garbage-first heap   total 122880K, used 86249K [0x0000000600000000, 0x0000000800000000)
  region size 4096K, 9 young (36864K), 2 survivors (8192K)
 Metaspace       used 64612K, committed 66560K, reserved 1114112K
  class space    used 9192K, committed 10176K, reserved 1048576K
}
Event: 19.318 GC heap after
{Heap after GC invocations=23 (full 0):
 garbage-first heap   total 122880K, used 65715K [0x0000000600000000, 0x0000000800000000)
  region size 4096K, 2 young (8192K), 2 survivors (8192K)
 Metaspace       used 64612K, committed 66560K, reserved 1114112K
  class space    used 9192K, committed 10176K, reserved 1048576K
}
Event: 20.504 GC heap before
{Heap before GC invocations=23 (full 0):
 garbage-first heap   total 122880K, used 102579K [0x0000000600000000, 0x0000000800000000)
  region size 4096K, 11 young (45056K), 2 survivors (8192K)
 Metaspace       used 67409K, committed 69440K, reserved 1114112K
  class space    used 9627K, committed 10688K, reserved 1048576K
}
Event: 20.514 GC heap after
{Heap after GC invocations=24 (full 0):
 garbage-first heap   total 147456K, used 68619K [0x0000000600000000, 0x0000000800000000)
  region size 4096K, 2 young (8192K), 2 survivors (8192K)
 Metaspace       used 67409K, committed 69440K, reserved 1114112K
  class space    used 9627K, committed 10688K, reserved 1048576K
}
Event: 22.447 GC heap before
{Heap before GC invocations=25 (full 0):
 garbage-first heap   total 147456K, used 117771K [0x0000000600000000, 0x0000000800000000)
  region size 4096K, 15 young (61440K), 2 survivors (8192K)
 Metaspace       used 69952K, committed 72000K, reserved 1114112K
  class space    used 10028K, committed 11072K, reserved 1048576K
}
Event: 22.461 GC heap after
{Heap after GC invocations=26 (full 0):
 garbage-first heap   total 147456K, used 72477K [0x0000000600000000, 0x0000000800000000)
  region size 4096K, 2 young (8192K), 2 survivors (8192K)
 Metaspace       used 69952K, committed 72000K, reserved 1114112K
  class space    used 10028K, committed 11072K, reserved 1048576K
}
Event: 22.948 GC heap before
{Heap before GC invocations=26 (full 0):
 garbage-first heap   total 147456K, used 125725K [0x0000000600000000, 0x0000000800000000)
  region size 4096K, 15 young (61440K), 2 survivors (8192K)
 Metaspace       used 70115K, committed 72192K, reserved 1114112K
  class space    used 10030K, committed 11072K, reserved 1048576K
}
Event: 22.962 GC heap after
{Heap after GC invocations=27 (full 0):
 garbage-first heap   total 147456K, used 73154K [0x0000000600000000, 0x0000000800000000)
  region size 4096K, 1 young (4096K), 1 survivors (4096K)
 Metaspace       used 70115K, committed 72192K, reserved 1114112K
  class space    used 10030K, committed 11072K, reserved 1048576K
}
Event: 23.322 GC heap before
{Heap before GC invocations=27 (full 0):
 garbage-first heap   total 147456K, used 126402K [0x0000000600000000, 0x0000000800000000)
  region size 4096K, 15 young (61440K), 1 survivors (4096K)
 Metaspace       used 70124K, committed 72192K, reserved 1114112K
  class space    used 10030K, committed 11072K, reserved 1048576K
}
Event: 23.329 GC heap after
{Heap after GC invocations=28 (full 0):
 garbage-first heap   total 147456K, used 74744K [0x0000000600000000, 0x0000000800000000)
  region size 4096K, 2 young (8192K), 2 survivors (8192K)
 Metaspace       used 70124K, committed 72192K, reserved 1114112K
  class space    used 10030K, committed 11072K, reserved 1048576K
}
Event: 23.960 GC heap before
{Heap before GC invocations=29 (full 0):
 garbage-first heap   total 159744K, used 123896K [0x0000000600000000, 0x0000000800000000)
  region size 4096K, 14 young (57344K), 2 survivors (8192K)
 Metaspace       used 70512K, committed 72576K, reserved 1114112K
  class space    used 10094K, committed 11136K, reserved 1048576K
}
Event: 23.970 GC heap after
{Heap after GC invocations=30 (full 0):
 garbage-first heap   total 159744K, used 89265K [0x0000000600000000, 0x0000000800000000)
  region size 4096K, 2 young (8192K), 2 survivors (8192K)
 Metaspace       used 70512K, committed 72576K, reserved 1114112K
  class space    used 10094K, committed 11136K, reserved 1048576K
}
Event: 25.204 GC heap before
{Heap before GC invocations=30 (full 0):
 garbage-first heap   total 159744K, used 134321K [0x0000000600000000, 0x0000000800000000)
  region size 4096K, 14 young (57344K), 2 survivors (8192K)
 Metaspace       used 73472K, committed 75520K, reserved 1114112K
  class space    used 10413K, committed 11456K, reserved 1048576K
}
Event: 25.220 GC heap after
{Heap after GC invocations=31 (full 0):
 garbage-first heap   total 159744K, used 96744K [0x0000000600000000, 0x0000000800000000)
  region size 4096K, 2 young (8192K), 2 survivors (8192K)
 Metaspace       used 73472K, committed 75520K, reserved 1114112K
  class space    used 10413K, committed 11456K, reserved 1048576K
}
Event: 26.145 GC heap before
{Heap before GC invocations=31 (full 0):
 garbage-first heap   total 159744K, used 133608K [0x0000000600000000, 0x0000000800000000)
  region size 4096K, 12 young (49152K), 2 survivors (8192K)
 Metaspace       used 77044K, committed 79168K, reserved 1179648K
  class space    used 10778K, committed 11840K, reserved 1048576K
}
Event: 26.152 GC heap after
{Heap after GC invocations=32 (full 0):
 garbage-first heap   total 159744K, used 99466K [0x0000000600000000, 0x0000000800000000)
  region size 4096K, 1 young (4096K), 1 survivors (4096K)
 Metaspace       used 77044K, committed 79168K, reserved 1179648K
  class space    used 10778K, committed 11840K, reserved 1048576K
}

